<?xml version="1.0" encoding="UTF-8"?>
<testsuite name="com.CarRental.Reporting.ReportingApplicationTests" tests="1" skipped="0" failures="0" errors="0" timestamp="2025-10-20T14:13:06" hostname="NOTYOURDEVICE" time="0.034">
  <properties/>
  <testcase name="applicationMainMethodWorks()" classname="com.CarRental.Reporting.ReportingApplicationTests" time="0.034"/>
  <system-out><![CDATA[]]></system-out>
  <system-err><![CDATA[]]></system-err>
</testsuite>
